<?xml version="1.0" encoding="UTF-8"?>
<!-- Generated by org.testng.reporters.JUnitXMLReporter -->
<testsuite ignored="2" hostname="DESKTOP-7EUDCAL" failures="0" tests="4" name="GroupTest" time="0.214" errors="0" timestamp="2023-10-23T21:56:17 GMT-04:00">
  <testcase classname="Annotations.GroupTestEg" name="test1" time="0.02"/>
  <testcase classname="Annotations.GroupTestEg" name="test3" time="0.002"/>
  <testcase classname="Annotations.GroupTestEg" name="test4" time="0.009"/>
  <testcase classname="Annotations.GroupTestEg" name="test5" time="0.002"/>
  <testcase classname="Annotations.GroupTestEg" name="test2" time="0.0">
    <ignored/>
  </testcase> <!-- test2 -->
  <testcase classname="Annotations.GroupTestEg" name="test6" time="0.0">
    <ignored/>
  </testcase> <!-- test6 -->
</testsuite> <!-- GroupTest -->
