<?xml version="1.0" encoding="UTF-8"?>
<!-- Generated by org.testng.reporters.JUnitXMLReporter -->
<testsuite ignored="0" hostname="DESKTOP-7EUDCAL" failures="0" tests="4" name="Default test" time="29.153" errors="0" timestamp="2023-10-26T22:01:21 GMT-04:00">
  <testcase classname="TESTCASES.HomeTest" name="addcart" time="0.401"/>
  <testcase classname="TESTCASES.HomeTest" name="filter" time="0.603"/>
  <testcase classname="TESTCASES.HomeTest" name="removecart" time="0.471"/>
  <testcase classname="TESTCASES.HomeTest" name="verifyFacebook" time="0.397"/>
</testsuite> <!-- Default test -->
