<?xml version="1.0" encoding="UTF-8"?>
<testng-results ignored="0" total="1" passed="1" failed="0" skipped="0">
  <reporter-output>
  </reporter-output>
  <suite started-at="2023-10-23T20:57:59 GMT-04:00" name="Default suite" finished-at="2023-10-23T20:58:10 GMT-04:00" duration-ms="11857">
    <groups>
    </groups>
    <test started-at="2023-10-23T20:57:59 GMT-04:00" name="Default test" finished-at="2023-10-23T20:58:10 GMT-04:00" duration-ms="11857">
      <class name="OrangeTest">
        <test-method signature="modifyInof()[pri:0, instance:OrangeTest@5136d012]" started-at="2023-10-23T20:57:59 GMT-04:00" name="modifyInof" finished-at="2023-10-23T20:58:10 GMT-04:00" duration-ms="11808" status="PASS">
          <reporter-output>
          </reporter-output>
        </test-method> <!-- modifyInof -->
      </class> <!-- OrangeTest -->
    </test> <!-- Default test -->
  </suite> <!-- Default suite -->
</testng-results>
