<?xml version="1.0" encoding="UTF-8"?>
<testng-results ignored="0" total="3" passed="3" failed="0" skipped="0">
  <reporter-output>
  </reporter-output>
  <suite started-at="2023-10-20T21:54:14 GMT-04:00" name="Default suite" finished-at="2023-10-20T21:54:14 GMT-04:00" duration-ms="82">
    <groups>
    </groups>
    <test started-at="2023-10-20T21:54:14 GMT-04:00" name="Default test" finished-at="2023-10-20T21:54:14 GMT-04:00" duration-ms="82">
      <class name="Annotations.Annotation_Examples">
        <test-method is-config="true" signature="init()[pri:0, instance:Annotations.Annotation_Examples@2accdbb5]" started-at="2023-10-20T21:54:14 GMT-04:00" name="init" finished-at="2023-10-20T21:54:14 GMT-04:00" duration-ms="10" status="PASS">
          <reporter-output>
          </reporter-output>
        </test-method> <!-- init -->
        <test-method is-config="true" signature="start()[pri:0, instance:Annotations.Annotation_Examples@2accdbb5]" started-at="2023-10-20T21:54:14 GMT-04:00" name="start" finished-at="2023-10-20T21:54:14 GMT-04:00" duration-ms="1" status="PASS">
          <reporter-output>
          </reporter-output>
        </test-method> <!-- start -->
        <test-method is-config="true" signature="setup()[pri:0, instance:Annotations.Annotation_Examples@2accdbb5]" started-at="2023-10-20T21:54:14 GMT-04:00" name="setup" finished-at="2023-10-20T21:54:14 GMT-04:00" duration-ms="0" status="PASS">
          <reporter-output>
          </reporter-output>
        </test-method> <!-- setup -->
        <test-method signature="method1()[pri:0, instance:Annotations.Annotation_Examples@2accdbb5]" started-at="2023-10-20T21:54:14 GMT-04:00" name="method1" finished-at="2023-10-20T21:54:14 GMT-04:00" duration-ms="5" status="PASS">
          <reporter-output>
          </reporter-output>
        </test-method> <!-- method1 -->
        <test-method is-config="true" signature="teardown()[pri:0, instance:Annotations.Annotation_Examples@2accdbb5]" started-at="2023-10-20T21:54:14 GMT-04:00" name="teardown" finished-at="2023-10-20T21:54:14 GMT-04:00" duration-ms="2" status="PASS">
          <reporter-output>
          </reporter-output>
        </test-method> <!-- teardown -->
        <test-method is-config="true" signature="setup()[pri:0, instance:Annotations.Annotation_Examples@2accdbb5]" started-at="2023-10-20T21:54:14 GMT-04:00" name="setup" finished-at="2023-10-20T21:54:14 GMT-04:00" duration-ms="0" status="PASS">
          <reporter-output>
          </reporter-output>
        </test-method> <!-- setup -->
        <test-method signature="method2()[pri:0, instance:Annotations.Annotation_Examples@2accdbb5]" started-at="2023-10-20T21:54:14 GMT-04:00" name="method2" finished-at="2023-10-20T21:54:14 GMT-04:00" duration-ms="2" status="PASS">
          <reporter-output>
          </reporter-output>
        </test-method> <!-- method2 -->
        <test-method is-config="true" signature="teardown()[pri:0, instance:Annotations.Annotation_Examples@2accdbb5]" started-at="2023-10-20T21:54:14 GMT-04:00" name="teardown" finished-at="2023-10-20T21:54:14 GMT-04:00" duration-ms="0" status="PASS">
          <reporter-output>
          </reporter-output>
        </test-method> <!-- teardown -->
        <test-method is-config="true" signature="setup()[pri:0, instance:Annotations.Annotation_Examples@2accdbb5]" started-at="2023-10-20T21:54:14 GMT-04:00" name="setup" finished-at="2023-10-20T21:54:14 GMT-04:00" duration-ms="0" status="PASS">
          <reporter-output>
          </reporter-output>
        </test-method> <!-- setup -->
        <test-method signature="method3()[pri:0, instance:Annotations.Annotation_Examples@2accdbb5]" started-at="2023-10-20T21:54:14 GMT-04:00" name="method3" finished-at="2023-10-20T21:54:14 GMT-04:00" duration-ms="3" status="PASS">
          <reporter-output>
          </reporter-output>
        </test-method> <!-- method3 -->
        <test-method is-config="true" signature="teardown()[pri:0, instance:Annotations.Annotation_Examples@2accdbb5]" started-at="2023-10-20T21:54:14 GMT-04:00" name="teardown" finished-at="2023-10-20T21:54:14 GMT-04:00" duration-ms="1" status="PASS">
          <reporter-output>
          </reporter-output>
        </test-method> <!-- teardown -->
        <test-method is-config="true" signature="end()[pri:0, instance:Annotations.Annotation_Examples@2accdbb5]" started-at="2023-10-20T21:54:14 GMT-04:00" name="end" finished-at="2023-10-20T21:54:14 GMT-04:00" duration-ms="0" status="PASS">
          <reporter-output>
          </reporter-output>
        </test-method> <!-- end -->
        <test-method is-config="true" signature="close()[pri:0, instance:Annotations.Annotation_Examples@2accdbb5]" started-at="2023-10-20T21:54:14 GMT-04:00" name="close" finished-at="2023-10-20T21:54:14 GMT-04:00" duration-ms="1" status="PASS">
          <reporter-output>
          </reporter-output>
        </test-method> <!-- close -->
      </class> <!-- Annotations.Annotation_Examples -->
    </test> <!-- Default test -->
  </suite> <!-- Default suite -->
</testng-results>
