<?xml version="1.0" encoding="UTF-8"?>
<!-- Generated by org.testng.reporters.JUnitXMLReporter -->
<testsuite ignored="0" hostname="DESKTOP-7EUDCAL" failures="0" tests="6" name="Sauce Tests" time="22.003" errors="0" timestamp="2023-10-26T21:53:53 GMT-04:00">
  <testcase classname="TESTCASES.LoginTest" name="validLogin" time="0.553"/>
  <testcase classname="TESTCASES.LoginTest" name="invalidLogin" time="0.485"/>
  <testcase classname="TESTCASES.HomeTest" name="addcart" time="0.208"/>
  <testcase classname="TESTCASES.HomeTest" name="removecart" time="0.161"/>
  <testcase classname="TESTCASES.HomeTest" name="verifyFacebook" time="0.194"/>
  <testcase classname="TESTCASES.LogoutTest" name="logout" time="0.191"/>
</testsuite> <!-- Sauce Tests -->
