<?xml version="1.0" encoding="UTF-8"?>
<testng-results ignored="0" total="2" passed="2" failed="0" skipped="0">
  <reporter-output>
  </reporter-output>
  <suite started-at="2023-10-25T22:00:43 GMT-04:00" name="Default suite" finished-at="2023-10-25T22:00:50 GMT-04:00" duration-ms="6759">
    <groups>
    </groups>
    <test started-at="2023-10-25T22:00:43 GMT-04:00" name="Default test" finished-at="2023-10-25T22:00:50 GMT-04:00" duration-ms="6759">
      <class name="TESTCASES.LoginTest">
        <test-method is-config="true" signature="init()[pri:0, instance:TESTCASES.LoginTest@1b2abca6]" started-at="2023-10-25T22:00:43 GMT-04:00" name="init" finished-at="2023-10-25T22:00:46 GMT-04:00" duration-ms="3001" status="PASS">
          <reporter-output>
          </reporter-output>
        </test-method> <!-- init -->
        <test-method signature="validLogin()[pri:1, instance:TESTCASES.LoginTest@1b2abca6]" started-at="2023-10-25T22:00:46 GMT-04:00" name="validLogin" finished-at="2023-10-25T22:00:47 GMT-04:00" duration-ms="683" status="PASS">
          <reporter-output>
          </reporter-output>
        </test-method> <!-- validLogin -->
        <test-method is-config="true" signature="teardown()[pri:0, instance:TESTCASES.LoginTest@1b2abca6]" started-at="2023-10-25T22:00:47 GMT-04:00" name="teardown" finished-at="2023-10-25T22:00:47 GMT-04:00" duration-ms="253" status="PASS">
          <reporter-output>
          </reporter-output>
        </test-method> <!-- teardown -->
        <test-method is-config="true" signature="init()[pri:0, instance:TESTCASES.LoginTest@1b2abca6]" started-at="2023-10-25T22:00:47 GMT-04:00" name="init" finished-at="2023-10-25T22:00:49 GMT-04:00" duration-ms="2104" status="PASS">
          <reporter-output>
          </reporter-output>
        </test-method> <!-- init -->
        <test-method signature="invalidLogin()[pri:2, instance:TESTCASES.LoginTest@1b2abca6]" started-at="2023-10-25T22:00:49 GMT-04:00" name="invalidLogin" finished-at="2023-10-25T22:00:50 GMT-04:00" duration-ms="446" status="PASS">
          <reporter-output>
          </reporter-output>
        </test-method> <!-- invalidLogin -->
        <test-method is-config="true" signature="teardown()[pri:0, instance:TESTCASES.LoginTest@1b2abca6]" started-at="2023-10-25T22:00:50 GMT-04:00" name="teardown" finished-at="2023-10-25T22:00:50 GMT-04:00" duration-ms="208" status="PASS">
          <reporter-output>
          </reporter-output>
        </test-method> <!-- teardown -->
      </class> <!-- TESTCASES.LoginTest -->
    </test> <!-- Default test -->
  </suite> <!-- Default suite -->
</testng-results>
