<?xml version="1.0" encoding="UTF-8"?>
<testng-results ignored="0" total="4" passed="4" failed="0" skipped="0">
  <reporter-output>
  </reporter-output>
  <suite started-at="2023-10-26T22:00:51 GMT-04:00" name="Default suite" finished-at="2023-10-26T22:01:21 GMT-04:00" duration-ms="29153">
    <groups>
    </groups>
    <test started-at="2023-10-26T22:00:51 GMT-04:00" name="Default test" finished-at="2023-10-26T22:01:21 GMT-04:00" duration-ms="29153">
      <class name="TESTCASES.HomeTest">
        <test-method is-config="true" signature="init()[pri:0, instance:TESTCASES.HomeTest@2ed2d9cb]" started-at="2023-10-26T22:00:52 GMT-04:00" name="init" finished-at="2023-10-26T22:00:59 GMT-04:00" duration-ms="7639" status="PASS">
          <reporter-output>
          </reporter-output>
        </test-method> <!-- init -->
        <test-method signature="addcart()[pri:0, instance:TESTCASES.HomeTest@2ed2d9cb]" started-at="2023-10-26T22:00:59 GMT-04:00" name="addcart" finished-at="2023-10-26T22:01:00 GMT-04:00" duration-ms="401" status="PASS">
          <reporter-output>
          </reporter-output>
        </test-method> <!-- addcart -->
        <test-method is-config="true" signature="teardown()[pri:0, instance:TESTCASES.HomeTest@2ed2d9cb]" started-at="2023-10-26T22:01:00 GMT-04:00" name="teardown" finished-at="2023-10-26T22:01:01 GMT-04:00" duration-ms="1062" status="PASS">
          <reporter-output>
          </reporter-output>
        </test-method> <!-- teardown -->
        <test-method is-config="true" signature="init()[pri:0, instance:TESTCASES.HomeTest@2ed2d9cb]" started-at="2023-10-26T22:01:01 GMT-04:00" name="init" finished-at="2023-10-26T22:01:06 GMT-04:00" duration-ms="4752" status="PASS">
          <reporter-output>
          </reporter-output>
        </test-method> <!-- init -->
        <test-method signature="filter()[pri:0, instance:TESTCASES.HomeTest@2ed2d9cb]" started-at="2023-10-26T22:01:06 GMT-04:00" name="filter" finished-at="2023-10-26T22:01:06 GMT-04:00" duration-ms="603" status="PASS">
          <reporter-output>
          </reporter-output>
        </test-method> <!-- filter -->
        <test-method is-config="true" signature="teardown()[pri:0, instance:TESTCASES.HomeTest@2ed2d9cb]" started-at="2023-10-26T22:01:06 GMT-04:00" name="teardown" finished-at="2023-10-26T22:01:07 GMT-04:00" duration-ms="1026" status="PASS">
          <reporter-output>
          </reporter-output>
        </test-method> <!-- teardown -->
        <test-method is-config="true" signature="init()[pri:0, instance:TESTCASES.HomeTest@2ed2d9cb]" started-at="2023-10-26T22:01:07 GMT-04:00" name="init" finished-at="2023-10-26T22:01:12 GMT-04:00" duration-ms="4967" status="PASS">
          <reporter-output>
          </reporter-output>
        </test-method> <!-- init -->
        <test-method signature="removecart()[pri:0, instance:TESTCASES.HomeTest@2ed2d9cb]" started-at="2023-10-26T22:01:12 GMT-04:00" name="removecart" finished-at="2023-10-26T22:01:13 GMT-04:00" duration-ms="471" status="PASS">
          <reporter-output>
          </reporter-output>
        </test-method> <!-- removecart -->
        <test-method is-config="true" signature="teardown()[pri:0, instance:TESTCASES.HomeTest@2ed2d9cb]" started-at="2023-10-26T22:01:13 GMT-04:00" name="teardown" finished-at="2023-10-26T22:01:14 GMT-04:00" duration-ms="1040" status="PASS">
          <reporter-output>
          </reporter-output>
        </test-method> <!-- teardown -->
        <test-method is-config="true" signature="init()[pri:0, instance:TESTCASES.HomeTest@2ed2d9cb]" started-at="2023-10-26T22:01:14 GMT-04:00" name="init" finished-at="2023-10-26T22:01:19 GMT-04:00" duration-ms="5230" status="PASS">
          <reporter-output>
          </reporter-output>
        </test-method> <!-- init -->
        <test-method signature="verifyFacebook()[pri:0, instance:TESTCASES.HomeTest@2ed2d9cb]" started-at="2023-10-26T22:01:19 GMT-04:00" name="verifyFacebook" finished-at="2023-10-26T22:01:19 GMT-04:00" duration-ms="397" status="PASS">
          <reporter-output>
          </reporter-output>
        </test-method> <!-- verifyFacebook -->
        <test-method is-config="true" signature="teardown()[pri:0, instance:TESTCASES.HomeTest@2ed2d9cb]" started-at="2023-10-26T22:01:19 GMT-04:00" name="teardown" finished-at="2023-10-26T22:01:21 GMT-04:00" duration-ms="1283" status="PASS">
          <reporter-output>
          </reporter-output>
        </test-method> <!-- teardown -->
      </class> <!-- TESTCASES.HomeTest -->
    </test> <!-- Default test -->
  </suite> <!-- Default suite -->
</testng-results>
