<?xml version="1.0" encoding="UTF-8"?>
<!-- Generated by org.testng.reporters.JUnitXMLReporter -->
<testsuite ignored="0" hostname="DESKTOP-7EUDCAL" failures="0" tests="3" name="Default test" time="0.082" errors="0" timestamp="2023-10-20T21:54:14 GMT-04:00">
  <testcase classname="Annotations.Annotation_Examples" name="method1" time="0.005"/>
  <testcase classname="Annotations.Annotation_Examples" name="method2" time="0.002"/>
  <testcase classname="Annotations.Annotation_Examples" name="method3" time="0.003"/>
</testsuite> <!-- Default test -->
