<?xml version="1.0" encoding="UTF-8"?>
<!-- Generated by org.testng.reporters.JUnitXMLReporter -->
<testsuite ignored="0" hostname="DESKTOP-7EUDCAL" failures="0" tests="3" name="Test" time="10.123" errors="0" timestamp="2023-10-24T21:12:46 GMT-04:00">
  <testcase classname="Annotations.ParallelTests" name="login" time="9.461"/>
  <testcase classname="Annotations.ParallelTests" name="cart" time="10.037"/>
  <testcase classname="Annotations.ParallelTests" name="logout" time="10.038"/>
</testsuite> <!-- Test -->
